<?xml version="1.0" encoding="UTF-8"?>
<testsuite xmlns:xsi="http://www.w3.org/2001/XMLSchema-instance" xsi:noNamespaceSchemaLocation="https://maven.apache.org/surefire/maven-surefire-plugin/xsd/surefire-test-report.xsd" name="com.markerhub.VueblogApplicationTests" time="6.554" tests="2" errors="0" skipped="0" failures="0">
  <properties>
[...]
</properties>
  <testcase name="neo4jTest" classname="com.markerhub.VueblogApplicationTests" time="0.206"/>
  <testcase name="contextLoads" classname="com.markerhub.VueblogApplicationTests" time="0.272"/>
</testsuite>